<?xml version="1.0" encoding="UTF-8"?>
<!-- Generated by org.testng.reporters.JUnitReportReporter -->
<testsuite hostname="vrr" name="ebkpackage.GoogleTest" tests="1" failures="0" timestamp="26 Mar 2016 21:27:56 GMT" time="24.154" errors="0">
  <testcase name="init" time="24.154" classname="ebkpackage.GoogleTest"/>
</testsuite> <!-- ebkpackage.GoogleTest -->
