<?xml version="1.0" encoding="UTF-8"?>
<!-- Generated by org.testng.reporters.JUnitReportReporter -->
<testsuite hostname="vrr" name="ebkpackage.Google" tests="1" failures="0" timestamp="26 Mar 2016 21:08:05 GMT" time="27.206" errors="0">
  <testcase name="init" time="27.206" classname="ebkpackage.Google"/>
</testsuite> <!-- ebkpackage.Google -->
